----------  Fri  8 May 98, hpt v0.19
1 07.25.16  Start
6 07.25.45  pkt: /home/mtt/fido/in.sec/15357778.pkt
----------  Fri  8 May 98, hpt v0.19
1 07.30.06  Start
1 07.30.06  End

----------  Fri  8 May 98, hpt v0.19
1 07.30.07  Start
6 07.30.07  pkt: /home/mtt/fido/in.sec/15357778.pkt
6 07.30.07  pkt: /home/mtt/fido/in.sec/153594b7.pkt
6 07.30.10  pkt: /home/mtt/fido/in.sec/1535a660.pkt
6 07.30.10  pkt: /home/mtt/fido/in.sec/15390382.pkt
6 07.30.12  pkt: /home/mtt/fido/in.sec/153a2d57.pkt
6 07.30.12  pkt: /home/mtt/fido/in.sec/153ad47e.pkt
1 07.30.12  End

----------  Tue 12 May 98, hpt v0.19
1 13.51.02  Start
9 13.51.05  Could not open /home/mtt/fido/msgb/dolphin/point
9 13.51.05  Could not open /home/mtt/fido/msgb/dolphin/announce
1 13.51.15  End

----------  Tue 12 May 98, hpt v0.19
1 13.59.10  Start
6 13.59.10  pkt: /home/mtt/fido/in.sec/153b80f7.pkt
7 13.59.10  Tossed Netmail: 2:2432/601.0 -> 2:2432/601.29
6 13.59.10  pkt: /home/mtt/fido/in.sec/1542c484.pkt
6 13.59.12  pkt: /home/mtt/fido/in.sec/15430ae8.pkt
6 13.59.12  pkt: /home/mtt/fido/in.sec/15463360.pkt
6 13.59.13  pkt: /home/mtt/fido/in.sec/154803b1.pkt
6 13.59.13  pkt: /home/mtt/fido/in.sec/154bd1d6.pkt
6 13.59.13  pkt: /home/mtt/fido/in.sec/154e6a79.pkt
6 13.59.13  pkt: /home/mtt/fido/in.sec/154ff041.pkt
6 13.59.13  pkt: /home/mtt/fido/in.sec/155360fd.pkt
6 13.59.15  pkt: /home/mtt/fido/in.sec/155498ee.pkt
6 13.59.15  pkt: /home/mtt/fido/in.sec/15553262.pkt
6 13.59.15  pkt: /home/mtt/fido/in.sec/15590137.pkt
6 13.59.15  pkt: /home/mtt/fido/in.sec/155d2316.pkt
6 13.59.15  pkt: /home/mtt/fido/in.sec/156094fb.pkt
6 13.59.17  pkt: /home/mtt/fido/in.sec/1562649e.pkt
6 13.59.17  pkt: /home/mtt/fido/in.sec/156a4cba.pkt
6 13.59.17  pkt: /home/mtt/fido/in.sec/156a5510.pkt
6 13.59.18  pkt: /home/mtt/fido/in.sec/156dbf80.pkt
6 13.59.18  pkt: /home/mtt/fido/in.sec/156f0fee.pkt
6 13.59.18  pkt: /home/mtt/fido/in.sec/156f91ce.pkt
1 13.59.19  End

----------  Wed 13 May 98, hpt v0.19
1 14.37.56  Start
9 14.37.58  Could not open /home/mtt/fido/msgb/dolphin/point
9 14.37.58  Could not open /home/mtt/fido/msgb/dolphin/announce
9 14.38.10  Could not open /home/mtt/fido/msgb/tolkien_g
9 14.38.10  Could not open /home/mtt/fido/msgb/schweden_g
1 14.38.10  End

----------  Wed 13 May 98, hpt v0.19
1 14.41.05  Start
6 14.41.05  pkt: /home/mtt/fido/in.sec/15777fbf.pkt
6 14.41.08  pkt: /home/mtt/fido/in.sec/1577c87c.pkt
6 14.41.08  pkt: /home/mtt/fido/in.sec/157aeca4.pkt
6 14.41.08  pkt: /home/mtt/fido/in.sec/157b134d.pkt
6 14.41.10  pkt: /home/mtt/fido/in.sec/157cbf6d.pkt
1 14.41.10  End

----------  Thu 14 May 98, hpt v0.19
1 10.50.41  Start
7 10.50.41  Msg from 2:2432/601.29 -> 2:240/5034.0 via 2:2433/1245.0
7 10.50.41  Msg from 2:2432/601.29 -> 2:240/5034.0 via 2:2433/1245.0
9 10.50.43  Could not open /home/mtt/fido/msgb/dolphin/point
9 10.50.43  Could not open /home/mtt/fido/msgb/dolphin/announce
1 10.50.54  End

----------  Thu 14 May 98, hpt v0.19
1 10.54.52  Start
6 10.54.52  pkt: /home/mtt/fido/in.sec/1584adeb.pkt
6 10.54.55  pkt: /home/mtt/fido/in.sec/15881e36.pkt
6 10.54.56  pkt: /home/mtt/fido/in.sec/1588f658.pkt
1 10.54.56  End

----------  Fri 15 May 98, hpt v0.19
1 08.03.54  Start
9 08.03.57  Could not open /home/mtt/fido/msgb/dolphin/point
9 08.03.57  Could not open /home/mtt/fido/msgb/dolphin/announce
1 08.04.09  End

----------  Fri 15 May 98, hpt v0.19
1 08.05.38  Start
6 08.05.38  pkt: /home/mtt/fido/in.sec/1591db3c.pkt
6 08.05.38  pkt: /home/mtt/fido/in.sec/15925ec6.pkt
1 08.05.38  End

----------  Tue 19 May 98, hpt v0.19
1 15.39.47  Start
9 15.39.50  Could not open /home/mtt/fido/msgb/dolphin/point
9 15.39.50  Could not open /home/mtt/fido/msgb/dolphin/announce
1 15.40.03  End

----------  Tue 19 May 98, hpt v0.19
1 16.07.16  Start
6 16.07.16  pkt: /home/mtt/fido/in.sec/159f10d3.pkt
6 16.07.33  pkt: /home/mtt/fido/in.sec/159f10ec.pkt
6 16.07.34  pkt: /home/mtt/fido/in.sec/159f4208.pkt
6 16.07.34  pkt: /home/mtt/fido/in.sec/15a27e80.pkt
6 16.07.52  pkt: /home/mtt/fido/in.sec/15a3baf5.pkt
6 16.07.52  pkt: /home/mtt/fido/in.sec/15a81a93.pkt
6 16.07.55  pkt: /home/mtt/fido/in.sec/15a827ea.pkt
7 16.07.55  Tossed Netmail: 2:240/5034.0 -> 2:2432/601.29
7 16.07.55  Tossed Netmail: 2:240/5034.0 -> 2:2432/601.29
6 16.07.55  pkt: /home/mtt/fido/in.sec/15ac39fb.pkt
6 16.07.58  pkt: /home/mtt/fido/in.sec/15afaa52.pkt
6 16.08.03  pkt: /home/mtt/fido/in.sec/15b17098.pkt
7 16.08.03  Tossed Netmail: 2:241/530.0 -> 2:2432/601.29
6 16.08.03  pkt: /home/mtt/fido/in.sec/15b54935.pkt
6 16.08.05  pkt: /home/mtt/fido/in.sec/15b9687a.pkt
6 16.08.08  pkt: /home/mtt/fido/in.sec/15ba29dd.pkt
6 16.08.09  pkt: /home/mtt/fido/in.sec/15ba2c6c.pkt
7 16.08.09  Tossed Netmail: 2:2487/5005.5 -> 2:2432/601.29
6 16.08.09  pkt: /home/mtt/fido/in.sec/15bcd7bf.pkt
6 16.08.09  pkt: /home/mtt/fido/in.sec/15bcf24e.pkt
6 16.08.16  pkt: /home/mtt/fido/in.sec/15c698ab.pkt
6 16.08.21  pkt: /home/mtt/fido/in.sec/15cbdd1b.pkt
1 16.08.21  End

----------  Wed 20 May 98, hpt v0.19
1 15.01.54  Start
7 15.01.55  Msg from 2:2432/601.29 -> 2:240/5034.0 via 2:2433/1245.0
7 15.01.55  Msg from 2:2432/601.29 -> 2:2487/5005.5 via 2:2433/1245.0
9 15.01.58  Could not open /home/mtt/fido/msgb/dolphin/point
9 15.01.58  Could not open /home/mtt/fido/msgb/dolphin/announce
1 15.02.12  End

----------  Wed 20 May 98, hpt v0.19
1 22.50.04  Start
1 22.50.04  End

----------  Wed 20 May 98, hpt v0.19
1 23.56.21  Start
----------  Wed 20 May 98, hpt v0.19
1 23.57.08  Start
----------  Thu 21 May 98, hpt v0.19
1 14.00.01  Start
1 14.00.01  End

